[2015-04-16 21:30:45] START
[2015-04-16 22:06:27] EDIT TC_Forum/models/db.py: 0
[2015-04-16 22:16:49] EDIT TC_Forum/models/db.py: 0
[2015-04-16 22:17:43] EDIT TC_Forum/models/menu.py: 1
[2015-04-16 22:18:45] EDIT TC_Forum/models/menu.py: 0
[2015-04-16 22:19:32] EDIT TC_Forum/models/menu.py: 0
[2015-04-16 22:20:09] EDIT TC_Forum/models/menu.py: 0
[2015-04-16 22:51:24] EDIT TC_Forum/controllers/default.py: 0
[2015-04-16 22:51:59] EDIT TC_Forum/views/default/index.html: -31
[2015-04-16 22:52:25] EDIT TC_Forum/views/default/index.html: 0
[2015-04-16 23:06:20] EDIT TC_Forum/views/layout.html: 1
[2015-04-16 23:06:55] CREATE css/custom.css: 0
[2015-04-16 23:08:58] UPLOAD C:/web2py/applications/TC_Forum/static/images/img.jpg: 920
[2015-04-16 23:10:30] EDIT TC_Forum/static/css/custom.css: 1
[2015-04-16 23:14:33] EDIT TC_Forum/views/layout.html: 1
[2015-04-16 23:15:16] EDIT TC_Forum/views/layout.html: 0
[2015-04-16 23:17:03] EDIT TC_Forum/views/layout.html: 0
[2015-04-16 23:17:40] EDIT TC_Forum/static/css/custom.css: 0
[2015-04-16 23:19:18] EDIT TC_Forum/static/css/custom.css: 0
[2015-04-16 23:19:42] EDIT TC_Forum/static/css/custom.css: -1
[2015-04-16 23:19:52] EDIT TC_Forum/static/css/custom.css: 0
[2015-04-16 23:22:03] EDIT TC_Forum/views/layout.html: 3
[2015-04-16 23:22:25] EDIT TC_Forum/static/css/custom.css: 0
[2015-04-16 23:23:09] EDIT TC_Forum/views/layout.html: -3
[2015-04-16 23:23:21] EDIT TC_Forum/views/layout.html: 3
[2015-04-16 23:24:25] EDIT TC_Forum/views/layout.html: 0
[2015-04-16 23:27:17] EDIT TC_Forum/static/css/custom.css: 0
[2015-04-16 23:29:23] EDIT TC_Forum/static/css/custom.css: 1
[2015-04-16 23:30:08] DELETE TC_Forum/static/images/img.jpg: -9
[2015-04-16 23:30:27] UPLOAD C:/web2py/applications/TC_Forum/static/images/img.jpg: 881
[2015-04-16 23:32:11] EDIT TC_Forum/views/default/index.html: 2
[2015-04-16 23:32:51] EDIT TC_Forum/views/default/index.html: 2
[2015-04-16 23:33:03] EDIT TC_Forum/views/default/index.html: 0
[2015-04-16 23:33:42] EDIT TC_Forum/static/css/custom.css: 0
[2015-04-16 23:34:03] EDIT TC_Forum/static/css/custom.css: 1
[2015-04-16 23:34:30] EDIT TC_Forum/static/css/custom.css: 1
[2015-04-16 23:34:43] EDIT TC_Forum/static/css/custom.css: 0
[2015-04-16 23:35:24] EDIT TC_Forum/models/menu.py: 0
[2015-04-16 23:36:01] CREATE Forum.py: 0
[2015-04-16 23:36:49] CREATE TCDB.py: 0
[2015-04-16 23:41:44] EDIT TC_Forum/models/TCDB.py: 4
[2015-04-16 23:42:03] EDIT TC_Forum/models/TCDB.py: 0
[2015-04-16 23:42:35] EDIT TC_Forum/models/TCDB.py: 0
[2015-04-16 23:46:21] EDIT TC_Forum/models/TCDB.py: -3
[2015-04-16 23:47:07] EDIT TC_Forum/models/TCDB.py: 1
[2015-04-16 23:47:54] DELETE TC_Forum/models/TCDB.py: -2
[2015-04-16 23:48:04] CREATE db1.py: 0
[2015-04-16 23:49:29] EDIT TC_Forum/models/db1.py: 2
[2015-04-16 23:50:17] CREATE tc.py: 0
[2015-04-16 23:51:35] EDIT TC_Forum/models/tc.py: 2
[2015-04-16 23:52:00] EDIT TC_Forum/models/db1.py: -2
[2015-04-16 23:52:44] DELETE TC_Forum/models/db1.py: 0
[2015-04-16 23:56:01] EDIT TC_Forum/controllers/Forum.py: 2
[2015-04-16 23:57:56] CREATE Forum/index.html: 0
[2015-04-16 23:58:48] EDIT TC_Forum/views/Forum/index.html: 1
[2015-04-16 23:58:58] EDIT TC_Forum/views/Forum/index.html: 1
[2015-04-17 00:00:03] EDIT TC_Forum/controllers/Forum.py: 0
[2015-04-17 00:00:06] EDIT TC_Forum/views/Forum/index.html: 0
[2015-04-17 00:00:36] EDIT TC_Forum/models/tc.py: 0
[2015-04-17 00:04:06] EDIT TC_Forum/models/tc.py: 2
[2015-04-17 00:07:57] EDIT TC_Forum/controllers/Forum.py: 0
[2015-04-17 00:21:38] EDIT TC_Forum/models/tc.py: 0
[2015-04-17 00:22:24] EDIT TC_Forum/models/menu.py: 0
[2015-04-17 00:22:49] EDIT TC_Forum/models/menu.py: 0
[2015-04-17 00:23:37] EDIT TC_Forum/models/menu.py: 0
[2015-04-17 00:24:30] EDIT TC_Forum/models/menu.py: 0
[2015-04-17 00:25:44] EDIT TC_Forum/models/menu.py: 0
[2015-04-17 00:26:42] EDIT TC_Forum/models/menu.py: 1
[2015-04-17 00:26:55] EDIT TC_Forum/models/menu.py: 0
[2015-04-17 00:28:51] EDIT TC_Forum/views/Forum/index.html: 1
[2015-04-17 00:29:47] EDIT TC_Forum/views/Forum/index.html: 0
[2015-04-17 00:30:20] EDIT TC_Forum/views/Forum/index.html: 0
[2015-04-17 00:32:50] EDIT TC_Forum/controllers/Forum.py: 2
[2015-04-17 00:34:01] EDIT TC_Forum/controllers/Forum.py: 1
[2015-04-17 00:35:33] EDIT TC_Forum/models/menu.py: 0
[2015-04-17 00:36:41] EDIT TC_Forum/models/menu.py: 1
[2015-04-17 00:38:13] CREATE Forum/read.html: 0
[2015-04-17 00:39:19] EDIT TC_Forum/static/css/custom.css: 3
[2015-04-17 00:39:49] EDIT TC_Forum/views/Forum/read.html: -1
[2015-04-17 00:40:07] EDIT TC_Forum/views/Forum/read.html: 0
[2015-04-17 00:40:20] EDIT TC_Forum/controllers/Forum.py: 0
[2015-04-17 00:41:57] EDIT TC_Forum/views/Forum/read.html: 6
[2015-04-17 00:43:04] EDIT TC_Forum/views/Forum/read.html: 8
[2015-04-17 00:43:15] EDIT TC_Forum/views/Forum/read.html: 1
[2015-04-17 00:44:19] EDIT TC_Forum/views/Forum/read.html: 0
[2015-04-17 00:45:00] EDIT TC_Forum/views/Forum/read.html: 0
[2015-04-17 00:45:41] EDIT TC_Forum/views/Forum/read.html: 1
[2015-04-17 00:46:21] EDIT TC_Forum/views/Forum/read.html: -1
[2015-04-17 00:47:46] EDIT TC_Forum/static/css/custom.css: 4
[2015-04-17 00:48:36] EDIT TC_Forum/views/Forum/read.html: 0
[2015-04-17 00:48:54] EDIT TC_Forum/static/css/custom.css: -4
[2015-04-17 00:49:13] EDIT TC_Forum/views/Forum/read.html: 0
[2015-04-17 00:49:47] EDIT TC_Forum/views/Forum/read.html: 4
[2015-04-17 00:50:37] EDIT TC_Forum/views/Forum/read.html: -4
[2015-04-17 00:50:57] EDIT TC_Forum/views/Forum/read.html: 0
[2015-04-17 00:51:29] EDIT TC_Forum/views/Forum/read.html: 0
[2015-04-17 00:51:54] EDIT TC_Forum/views/Forum/read.html: 0
[2015-04-17 00:52:30] EDIT TC_Forum/views/Forum/read.html: 0
[2015-04-17 00:54:27] EDIT TC_Forum/views/Forum/read.html: 0
[2015-04-17 01:01:26] EDIT TC_Forum/controllers/Forum.py: 3
[2015-04-17 01:01:53] EDIT TC_Forum/views/Forum/read.html: 0
[2015-04-17 01:02:59] EDIT TC_Forum/views/Forum/read.html: 0
[2015-04-17 01:03:43] EDIT TC_Forum/static/css/custom.css: 3
[2015-04-17 01:04:09] EDIT TC_Forum/static/css/custom.css: 0
[2015-04-17 01:05:56] CREATE Forum/show.html: 0
[2015-04-17 01:07:17] EDIT TC_Forum/views/Forum/show.html: 4
[2015-04-17 01:07:32] EDIT TC_Forum/views/Forum/show.html: -2
[2015-04-17 01:08:32] EDIT TC_Forum/views/Forum/show.html: 0
[2015-04-17 01:09:24] EDIT TC_Forum/views/Forum/show.html: 0
[2015-04-17 01:09:39] EDIT TC_Forum/views/Forum/show.html: 0
[2015-04-17 01:09:55] EDIT TC_Forum/views/Forum/show.html: 0
[2015-04-17 01:09:57] EDIT TC_Forum/models/tc.py: 0
[2015-04-17 01:10:00] EDIT TC_Forum/static/css/custom.css: 0
[2015-04-17 01:10:02] EDIT TC_Forum/views/Forum/read.html: 0
[2015-04-17 01:10:05] EDIT TC_Forum/controllers/Forum.py: 0
[2015-04-17 01:15:26] EDIT TC_Forum/views/Forum/show.html: 1
[2015-04-17 01:16:31] DELETE TC_Forum/views/Forum/show.html: -6
[2015-04-17 01:20:25] EDIT TC_Forum/controllers/Forum.py: 0
[2015-04-17 01:20:53] CREATE Forum/show.html: 0
[2015-04-17 01:21:11] EDIT TC_Forum/views/Forum/show.html: -1
[2015-04-17 01:21:40] EDIT TC_Forum/views/Forum/show.html: 0
[2015-04-17 01:22:15] EDIT TC_Forum/controllers/Forum.py: 0
[2015-04-17 01:22:23] EDIT TC_Forum/views/Forum/show.html: 0
[2015-04-17 01:28:32] EDIT TC_Forum/controllers/Forum.py: 0
[2015-04-17 01:29:02] EDIT TC_Forum/views/Forum/show.html: 0
[2015-04-17 01:29:56] EDIT TC_Forum/controllers/Forum.py: 0
[2015-04-17 01:30:05] EDIT TC_Forum/views/Forum/show.html: 0
[2015-04-17 01:30:12] EDIT TC_Forum/views/Forum/show.html: 0
[2015-04-17 01:30:49] EDIT TC_Forum/views/Forum/show.html: 0
[2015-04-17 01:31:36] EDIT TC_Forum/controllers/Forum.py: 0
[2015-04-17 01:32:05] EDIT TC_Forum/controllers/Forum.py: 0
[2015-04-17 01:34:02] DELETE TC_Forum/views/Forum/show.html: -2
[2015-04-17 01:35:12] EDIT TC_Forum/controllers/Forum.py: 0
[2015-04-17 01:35:40] EDIT TC_Forum/controllers/Forum.py: 0
[2015-04-17 01:36:10] EDIT TC_Forum/controllers/Forum.py: 0
[2015-04-17 01:36:29] EDIT TC_Forum/controllers/Forum.py: -2
[2015-04-17 01:36:41] EDIT TC_Forum/controllers/Forum.py: 1
[2015-04-17 01:37:30] EDIT TC_Forum/controllers/Forum.py: 1
[2015-04-17 01:38:20] EDIT TC_Forum/controllers/Forum.py: 0
[2015-04-17 01:38:24] EDIT TC_Forum/controllers/Forum.py: 0
[2015-04-17 01:38:38] EDIT TC_Forum/controllers/Forum.py: 0
[2015-04-17 01:39:47] EDIT TC_Forum/controllers/Forum.py: 0
[2015-04-17 01:39:53] EDIT TC_Forum/controllers/Forum.py: 0
[2015-04-17 01:40:05] CREATE Forum/show.html: 0
[2015-04-17 01:40:16] DELETE TC_Forum/views/Forum/show.html: -3
[2015-04-17 01:40:31] CREATE Forum/viewPost.html: 0
[2015-04-17 01:41:00] EDIT TC_Forum/controllers/Forum.py: 0
[2015-04-17 01:41:04] EDIT TC_Forum/views/Forum/viewPost.html: 0
[2015-04-17 01:42:28] EDIT TC_Forum/controllers/Forum.py: 0
[2015-04-17 01:43:09] EDIT TC_Forum/views/Forum/read.html: 0
[2015-04-17 01:47:07] EDIT TC_Forum/controllers/Forum.py: 0
[2015-04-17 01:48:00] EDIT TC_Forum/views/Forum/viewPost.html: 0
[2015-04-17 01:48:58] EDIT TC_Forum/controllers/Forum.py: 0
[2015-04-17 01:50:17] EDIT TC_Forum/controllers/Forum.py: 0
[2015-04-17 01:51:18] EDIT TC_Forum/controllers/Forum.py: 0
[2015-04-17 01:54:21] EDIT TC_Forum/controllers/Forum.py: -1
[2015-04-17 01:55:22] EDIT TC_Forum/controllers/Forum.py: 1
[2015-04-17 01:55:59] EDIT TC_Forum/controllers/Forum.py: 0
[2015-04-17 01:56:42] EDIT TC_Forum/controllers/Forum.py: 0
[2015-04-17 01:57:15] EDIT TC_Forum/controllers/Forum.py: -1
[2015-04-17 01:57:56] EDIT TC_Forum/controllers/Forum.py: 0
[2015-04-17 01:58:23] EDIT TC_Forum/controllers/Forum.py: 0
[2015-04-17 02:01:02] EDIT TC_Forum/controllers/Forum.py: 1
[2015-04-17 02:01:10] EDIT TC_Forum/views/Forum/viewPost.html: -1
[2015-04-17 02:01:48] EDIT TC_Forum/views/Forum/viewPost.html: 1
[2015-04-17 02:02:17] EDIT TC_Forum/controllers/Forum.py: 0
[2015-04-17 02:03:33] EDIT TC_Forum/controllers/Forum.py: 0
[2015-04-17 02:03:36] EDIT TC_Forum/views/Forum/viewPost.html: 0
[2015-04-17 02:03:37] EDIT TC_Forum/views/Forum/read.html: 0
[2015-04-17 02:03:57] EDIT TC_Forum/views/Forum/viewPost.html: 0
[2015-04-17 02:04:03] EDIT TC_Forum/views/Forum/viewPost.html: 0
[2015-04-17 02:04:42] EDIT TC_Forum/views/Forum/viewPost.html: 0
[2015-04-17 02:05:06] EDIT TC_Forum/views/Forum/viewPost.html: 2
[2015-04-17 02:05:49] EDIT TC_Forum/views/Forum/viewPost.html: 0
[2015-04-17 02:06:13] EDIT TC_Forum/views/Forum/viewPost.html: 0
[2015-04-17 02:06:58] EDIT TC_Forum/views/Forum/viewPost.html: 1
[2015-04-17 02:07:11] EDIT TC_Forum/views/Forum/viewPost.html: 0
[2015-04-17 02:07:50] EDIT TC_Forum/views/Forum/viewPost.html: 0
[2015-04-17 02:08:48] EDIT TC_Forum/views/Forum/viewPost.html: 0
[2015-04-17 02:09:05] EDIT TC_Forum/views/Forum/viewPost.html: 0
[2015-04-17 02:10:30] EDIT TC_Forum/models/tc.py: 0
[2015-04-17 02:10:33] EDIT TC_Forum/views/Forum/read.html: 0
[2015-04-17 02:10:35] EDIT TC_Forum/views/Forum/viewPost.html: 0
[2015-04-17 02:10:37] EDIT TC_Forum/controllers/Forum.py: 0
[2015-04-17 02:13:40] EDIT TC_Forum/controllers/Forum.py: 0
[2015-04-17 02:14:13] EDIT TC_Forum/controllers/Forum.py: 0
[2015-04-17 02:14:51] EDIT TC_Forum/views/Forum/viewPost.html: 0
[2015-04-17 02:15:33] EDIT TC_Forum/views/Forum/viewPost.html: 0
[2015-04-17 02:15:45] EDIT TC_Forum/views/Forum/viewPost.html: 0
[2015-04-17 02:15:59] EDIT TC_Forum/views/Forum/viewPost.html: 0
[2015-04-17 02:16:09] EDIT TC_Forum/views/Forum/viewPost.html: 0
[2015-04-17 02:17:18] EDIT TC_Forum/views/Forum/viewPost.html: 0
[2015-04-17 02:17:50] EDIT TC_Forum/views/Forum/viewPost.html: 0
[2015-04-17 02:18:04] EDIT TC_Forum/views/Forum/viewPost.html: 0
[2015-04-17 02:20:37] EDIT TC_Forum/controllers/Forum.py: 1
[2015-04-17 02:24:29] EDIT TC_Forum/controllers/Forum.py: 1
[2015-04-17 02:25:27] EDIT TC_Forum/controllers/Forum.py: 2
[2015-04-17 02:25:38] EDIT TC_Forum/controllers/Forum.py: 0
[2015-04-17 02:27:33] EDIT TC_Forum/controllers/Forum.py: 2
[2015-04-17 02:28:04] EDIT TC_Forum/controllers/Forum.py: 0
[2015-04-17 02:29:48] EDIT TC_Forum/controllers/Forum.py: 0
[2015-04-17 02:31:26] EDIT TC_Forum/controllers/Forum.py: 0
[2015-04-17 02:32:32] EDIT TC_Forum/controllers/Forum.py: 0
[2015-04-17 02:35:32] EDIT TC_Forum/controllers/Forum.py: 2
[2015-04-17 02:35:59] CREATE Forum/manage.html: 0
[2015-04-17 02:36:52] EDIT TC_Forum/views/Forum/manage.html: 2
[2015-04-17 02:38:09] EDIT TC_Forum/models/menu.py: 1
[2015-04-17 02:38:25] EDIT TC_Forum/models/menu.py: 0
[2015-04-17 02:39:21] EDIT TC_Forum/models/menu.py: -1
[2015-04-17 02:39:34] DELETE TC_Forum/views/Forum/manage.html: -5
[2015-04-17 02:41:14] EDIT TC_Forum/controllers/Forum.py: 1
[2015-04-17 02:45:20] EDIT TC_Forum/controllers/Forum.py: 1
[2015-04-17 02:47:05] EDIT TC_Forum/models/menu.py: 1
[2015-04-17 02:52:31] EDIT TC_Forum/controllers/Forum.py: 0
[2015-04-17 02:53:33] EDIT TC_Forum/models/tc.py: 0
[2015-04-17 02:54:52] EDIT TC_Forum/controllers/Forum.py: 0
[2015-04-17 02:55:02] EDIT TC_Forum/controllers/Forum.py: 2
[2015-04-17 02:55:19] EDIT TC_Forum/controllers/Forum.py: 0
[2015-04-17 02:56:19] EDIT TC_Forum/controllers/Forum.py: -5
[2015-04-17 02:58:50] EDIT TC_Forum/views/Forum/read.html: 0
[2015-04-17 02:58:58] EDIT TC_Forum/views/Forum/read.html: 0
[2015-04-17 03:01:42] EDIT TC_Forum/models/tc.py: 0
[2015-04-17 03:01:47] EDIT TC_Forum/views/Forum/read.html: 0
[2015-04-17 03:02:19] EDIT TC_Forum/controllers/Forum.py: 3
[2015-04-17 03:05:50] EDIT TC_Forum/models/tc.py: 1
[2015-04-17 03:06:50] EDIT TC_Forum/models/tc.py: 0
[2015-04-17 03:08:31] EDIT TC_Forum/controllers/Forum.py: 2
[2015-04-17 03:09:50] EDIT TC_Forum/views/Forum/read.html: 0
[2015-04-17 03:10:19] EDIT TC_Forum/views/Forum/viewPost.html: 0
[2015-04-17 03:11:49] EDIT TC_Forum/controllers/Forum.py: -2
[2015-04-17 03:12:03] EDIT TC_Forum/models/tc.py: -1
[2015-04-17 03:12:13] EDIT TC_Forum/controllers/Forum.py: 0
[2015-04-17 03:12:33] EDIT TC_Forum/views/Forum/read.html: 0
[2015-04-17 03:12:42] EDIT TC_Forum/views/Forum/viewPost.html: 0
[2015-04-17 12:13:36] EDIT TC_Forum/models/tc.py: 0
[2015-04-17 12:13:58] EDIT TC_Forum/controllers/Forum.py: -3
[2015-04-17 12:14:41] EDIT TC_Forum/views/Forum/read.html: 0
[2015-04-17 12:16:19] EDIT TC_Forum/views/Forum/read.html: 0
[2015-04-17 12:16:58] EDIT TC_Forum/views/Forum/viewPost.html: 0
[2015-04-17 12:21:48] EDIT TC_Forum/views/Forum/read.html: 0
[2015-04-17 12:24:32] EDIT TC_Forum/views/Forum/read.html: 0
[2015-04-17 12:25:30] EDIT TC_Forum/views/Forum/viewPost.html: 0
[2015-04-17 12:26:41] EDIT TC_Forum/views/Forum/read.html: 0
[2015-04-17 12:26:53] EDIT TC_Forum/views/Forum/viewPost.html: 0
[2015-04-17 12:28:13] EDIT TC_Forum/views/Forum/viewPost.html: 0
[2015-04-17 12:28:15] EDIT TC_Forum/views/Forum/read.html: 0
